<?xml version="1.0" encoding="UTF-8"?>
<testsuite name="As a user of the SOPHOS SOLUTIONS application" tests="1" skipped="0" failures="0" errors="0" timestamp="2021-12-10T22:03:12" hostname="LAPTOP-UKICFV1V" time="53.051">
  <properties/>
  <testcase name="As a user I validate the different job categories and roles on the Sophos website." classname="As a user of the SOPHOS SOLUTIONS application" time="53.051"/>
  <system-out><![CDATA[Senior Financial Planning Profesional en áreas administrativas o afines con experiencia de 6 meses a 2 años como analista de control financiero en el manejo para la generación, automatización y estandarización de Reportes financieros, control financiero, planeación y rentabilidad Lugar de trabajo: Bogota – Alternancia Tipo de Contrato: A término indefinido. Salario: A convenir de
Ver Mas
Desarrollador WSO2 Ingeniero de Sistemas Graduado con experiencia de más de 3 años desarrollando sobre el BUS de integración de Apache (WSO2). Con minimo 2 años de experiencia con el BUS de Oracle (Oracle SOA Suite). Con conocimientos y experiencia de desarrollos y configuraciones mensajerias SOAP, Rest y microservicios. Con experiencia en diseño y desarrollo
Ver Mas
Arquitecto AWS Ingeniero de Sistemas o afines, experto en metodologías ágiles, certificado AWS Solutions Arquitect de nivel asociado o superior o AWS Developer Associate, conocimiento y manejo de contenedores. Conocimientos y experiencia de más de 2 años en arquitectura de software, diagramación arkimad, y experiencia de mas de 3 años trabajando con AWS. Deseables conocimientos
Ver Mas
Desarrollador Broker Ingeniero de Sistemas Graduado con experiencia de más de 3 años desarrollando sobre el BUS de integración de IBM (WebSphere Message Broker e Integration BUS). Con conocimientos y experiencia de desarrollos y configuraciones de Datapower y WSRR de IBM. Con conocimientos y experiencia de desarrollos y configuraciones mensajerías SOAP, Rest y micro servicios.
Ver Mas
Implementador Bizagi Experiencia  de más de  2 años en proyectos Bizagi, en desarrollo de software en .net, java, javascript, desarrollo servicios, CAPA SOA *Conocimientos en modelamiento e implementación en Bizagi, desarrollo de componentes para integración con bizagi, conocimientos scrum * Desempeñará la labor de consultor BPM – implementador bizagi * Deseables conocimientos/certificaciones en scrum, bizagi
Ver Mas
Desarrollador Java AWS 3 años de experiencia participado en roles de desarrollo en Java, Angular, JavaScript, Spring Boot, Bootstrap, Maqueteo. Con experiencia en desarrollo de componentes AWS y versionamiento con GitHub. Deseable que conozca de patrones de diseño. Ciudad de residencia: BogotaEnvia tu hoja de vida a: reclutamiento@sophossolutions.com  Desarrollador Java PL/SQL Profesional en Ingeniería de
Ver Mas
DevOps AWS Experiencia de 3 años en el rol de DevOps, experiencia en Kubernetes, Docker, Git, Gitlab pipelines.Google Cloud Plataform y sus funciones, Terraform, Cloud Run o Cloud Functions, ,experiencia con AWS, Cloud Storage, Lenguajes de programación (Java/Python), Archivos YAML/YML. Ciudad de residencia: BogotaEnvia tu hoja de vida a: reclutamiento@sophossolutions.com 
Ver Mas
Desarrollador Frontend Senior 2 años Experiencia a nivel senior con HTML5, CSS compatible con múltiples navegadores, JavaScript, AJAX, pre-procesadores de CSS, NodeJS y diseño adaptativo, responsive o mobile first. Conocimiento de desarrollo móvil. Uso de frameworks JavaScript MVC: Angular8+ (requerido), ReactJS, Vue.js etc. Conocimiento y experiencia en APIs REST y su aplicación práctica. Conocimiento de
Ver Mas
Desarrollador Backend 2 años de experiencia en programación orientada a objetos, uno o más lenguajes de programación, requerido Java 8, framework Spring / Spring Boot, servicios web REST / SOAP. Redacción y utilización de servicios API RESTful y en ajuste del desempeño de aplicaciones de gran escala. Sistemas de bases de datos relacionales SQL y
Ver Mas
Senior Financial Planning en Bogotá
Desarrollador WSO2
Arquitecto AWS
Desarrollador Broker
Implementador Bizagi
Desarrollador Java AWS
DevOps AWS
Desarrollador Frontend
Desarrollador Backend
]]></system-out>
  <system-err><![CDATA[Starting ChromeDriver 96.0.4664.45 (76e4c1bb2ab4671b8beba3444e61c0f17584b2fc-refs/branch-heads/4664@{#947}) on port 41996
Only local connections are allowed.
Please see https://chromedriver.chromium.org/security-considerations for suggestions on keeping ChromeDriver safe.
ChromeDriver was started successfully.
dic 10, 2021 5:03:15 PM org.openqa.selenium.remote.ProtocolHandshake createSession
INFORMACIÓN: Detected dialect: W3C
[Test worker] INFO net.thucydides.core.steps.ConsoleLoggingListener - 
        __    _____ _____ ____ _____   ____   _    ____  ____  _____ ____  
  _     \ \  |_   _| ____/ ___|_   _| |  _ \ / \  / ___|/ ___|| ____|  _ \ 
 (_)_____| |   | | |  _| \___ \ | |   | |_) / _ \ \___ \\___ \|  _| | | | |
  _|_____| |   | | | |___ ___) || |   |  __/ ___ \ ___) |___) | |___| |_| |
 (_)     | |   |_| |_____|____/ |_|   |_| /_/   \_\____/|____/|_____|____/ 
        /_/                                                                

TEST PASSED: As a user I validate the different job categories and roles on the Sophos website.
----------------------------------------------------------------------------
]]></system-err>
</testsuite>
